Copyright 1986-2022 Xilinx, Inc. All Rights Reserved. Copyright 2022-2024 Advanced Micro Devices, Inc. All Rights Reserved.
---------------------------------------------------------------------------------------------------------------------------------------------
| Tool Version : Vivado v.2024.1 (win64) Build 5076996 Wed May 22 18:37:14 MDT 2024
| Date         : Mon Mar 30 14:24:53 2026
| Host         : PC running 64-bit major release  (build 9200)
| Command      : report_control_sets -verbose -file game_top_control_sets_placed.rpt
| Design       : game_top
| Device       : xc7a100t
---------------------------------------------------------------------------------------------------------------------------------------------

Control Set Information

Table of Contents
-----------------
1. Summary
2. Histogram
3. Flip-Flop Distribution
4. Detailed Control Set Information

1. Summary
----------

+----------------------------------------------------------+-------+
|                          Status                          | Count |
+----------------------------------------------------------+-------+
| Total control sets                                       |     8 |
|    Minimum number of control sets                        |     8 |
|    Addition due to synthesis replication                 |     0 |
|    Addition due to physical synthesis replication        |     0 |
| Unused register locations in slices containing registers |    41 |
+----------------------------------------------------------+-------+
* Control sets can be merged at opt_design using control_set_merge or merge_equivalent_drivers
** Run report_qor_suggestions for automated merging and remapping suggestions


2. Histogram
------------

+--------------------+-------+
|       Fanout       | Count |
+--------------------+-------+
| Total control sets |     8 |
| >= 0 to < 4        |     1 |
| >= 4 to < 6        |     0 |
| >= 6 to < 8        |     0 |
| >= 8 to < 10       |     0 |
| >= 10 to < 12      |     6 |
| >= 12 to < 14      |     0 |
| >= 14 to < 16      |     0 |
| >= 16              |     1 |
+--------------------+-------+
* Control sets can be remapped at either synth_design or opt_design


3. Flip-Flop Distribution
-------------------------

+--------------+-----------------------+------------------------+-----------------+--------------+
| Clock Enable | Synchronous Set/Reset | Asynchronous Set/Reset | Total Registers | Total Slices |
+--------------+-----------------------+------------------------+-----------------+--------------+
| No           | No                    | No                     |               1 |            1 |
| No           | No                    | Yes                    |               0 |            0 |
| No           | Yes                   | No                     |              43 |           14 |
| Yes          | No                    | No                     |               0 |            0 |
| Yes          | No                    | Yes                    |               0 |            0 |
| Yes          | Yes                   | No                     |              43 |           16 |
+--------------+-----------------------+------------------------+-----------------+--------------+


4. Detailed Control Set Information
-----------------------------------

+---------------------+----------------------+-------------------------------+------------------+----------------+--------------+
|     Clock Signal    |     Enable Signal    |        Set/Reset Signal       | Slice Load Count | Bel Load Count | Bels / Slice |
+---------------------+----------------------+-------------------------------+------------------+----------------+--------------+
|  clk_IBUF           |                      |                               |                1 |              1 |         1.00 |
|  inst/inst/clk_out1 | vga_inst/line_end    | vga_inst/vcount[9]_i_1_n_0    |                4 |             10 |         2.50 |
|  game_clk_reg_n_0   | blkpos_x[10]_i_1_n_0 | btn_IBUF[0]                   |                4 |             11 |         2.75 |
|  game_clk_reg_n_0   | blkpos_y[10]_i_1_n_0 | btn_IBUF[0]                   |                4 |             11 |         2.75 |
|  inst/inst/clk_out1 |                      | vga_inst/curr_x_r[10]_i_1_n_0 |                4 |             11 |         2.75 |
|  inst/inst/clk_out1 |                      | vga_inst/hcount[10]_i_1_n_0   |                4 |             11 |         2.75 |
|  inst/inst/clk_out1 | vga_inst/line_end    | vga_inst/curr_y_r[10]_i_1_n_0 |                4 |             11 |         2.75 |
|  clk_IBUF           |                      | clk_div[0]_i_1_n_0            |                6 |             21 |         3.50 |
+---------------------+----------------------+-------------------------------+------------------+----------------+--------------+


